[debug] [2023-04-14T09:18:44.645Z] ----------------------------------------------------------------------
[debug] [2023-04-14T09:18:44.648Z] Command:       /home/user/.nvm/versions/node/v18.10.0/bin/node /home/user/.nvm/versions/node/v18.10.0/bin/firebase login
[debug] [2023-04-14T09:18:44.649Z] CLI Version:   11.27.0
[debug] [2023-04-14T09:18:44.649Z] Platform:      linux
[debug] [2023-04-14T09:18:44.649Z] Node Version:  v18.10.0
[debug] [2023-04-14T09:18:44.650Z] Time:          Fri Apr 14 2023 15:48:44 GMT+0630 (Myanmar Time)
[debug] [2023-04-14T09:18:44.651Z] ----------------------------------------------------------------------
[debug] 
[debug] [2023-04-14T09:18:44.655Z] >>> [apiv2][query] GET https://firebase-public.firebaseio.com/cli.json [none]
[info] i  Firebase optionally collects CLI and Emulator Suite usage and error reporting information to help improve our products. Data is collected in accordance with Google's privacy policy (https://policies.google.com/privacy) and is not used to identify you.
 
[info] i  To change your data collection preference at any time, run `firebase logout` and log in again. 
[info] 
[info] Visit this URL on this device to log in:
[info] https://accounts.google.com/o/oauth2/auth?client_id=563584335869-fgrhgmd47bqnekij5i8b5pr03ho849e6.apps.googleusercontent.com&scope=email%20openid%20https%3A%2F%2Fwww.googleapis.com%2Fauth%2Fcloudplatformprojects.readonly%20https%3A%2F%2Fwww.googleapis.com%2Fauth%2Ffirebase%20https%3A%2F%2Fwww.googleapis.com%2Fauth%2Fcloud-platform&response_type=code&state=441928277&redirect_uri=http%3A%2F%2Flocalhost%3A9005
[info] 
[info] Waiting for authentication...
[debug] [2023-04-14T09:19:45.790Z] >>> [apiv2][query] POST https://accounts.google.com/o/oauth2/token [none]
[debug] [2023-04-14T09:19:45.791Z] >>> [apiv2][body] POST https://accounts.google.com/o/oauth2/token [omitted]
[debug] [2023-04-14T09:19:51.189Z] <<< [apiv2][status] POST https://accounts.google.com/o/oauth2/token 200
[debug] [2023-04-14T09:19:51.191Z] <<< [apiv2][body] POST https://accounts.google.com/o/oauth2/token [omitted]
[info] 
[info] ✔  Success! Logged in as zweman98240@gmail.com 
[debug] [2023-04-14T09:19:56.645Z] Error: Timed out.
    at Timeout.<anonymous> (/home/user/.nvm/versions/node/v18.10.0/lib/node_modules/firebase-tools/lib/utils.js:253:49)
    at listOnTimeout (node:internal/timers:564:17)
    at process.processTimers (node:internal/timers:507:7)
[error] 
[error] Error: An unexpected error has occurred.
[debug] [2023-04-14T09:20:22.545Z] ----------------------------------------------------------------------
[debug] [2023-04-14T09:20:22.549Z] Command:       /home/user/.nvm/versions/node/v18.10.0/bin/node /home/user/.nvm/versions/node/v18.10.0/bin/firebase init
[debug] [2023-04-14T09:20:22.550Z] CLI Version:   11.27.0
[debug] [2023-04-14T09:20:22.550Z] Platform:      linux
[debug] [2023-04-14T09:20:22.550Z] Node Version:  v18.10.0
[debug] [2023-04-14T09:20:22.551Z] Time:          Fri Apr 14 2023 15:50:22 GMT+0630 (Myanmar Time)
[debug] [2023-04-14T09:20:22.552Z] ----------------------------------------------------------------------
[debug] 
[debug] [2023-04-14T09:20:22.556Z] >>> [apiv2][query] GET https://firebase-public.firebaseio.com/cli.json [none]
[debug] [2023-04-14T09:20:22.611Z] > command requires scopes: ["email","openid","https://www.googleapis.com/auth/cloudplatformprojects.readonly","https://www.googleapis.com/auth/firebase","https://www.googleapis.com/auth/cloud-platform"]
[debug] [2023-04-14T09:20:22.611Z] > authorizing via signed-in user (zweman98240@gmail.com)
[info] 
     ######## #### ########  ######## ########     ###     ######  ########
     ##        ##  ##     ## ##       ##     ##  ##   ##  ##       ##
     ######    ##  ########  ######   ########  #########  ######  ######
     ##        ##  ##    ##  ##       ##     ## ##     ##       ## ##
     ##       #### ##     ## ######## ########  ##     ##  ######  ########

You're about to initialize a Firebase project in this directory:

  /home/user/Desktop/live-chat

[info] 
=== Project Setup
[info] 
[info] First, let's associate this project directory with a Firebase project.
[info] You can create multiple project aliases by running firebase use --add, 
[info] but for now we'll just set up a default project.
[info] 
[debug] [2023-04-14T09:22:00.957Z] >>> [apiv2][query] GET https://firebase.googleapis.com/v1beta1/projects pageSize=100
[debug] [2023-04-14T09:22:02.017Z] <<< [apiv2][status] GET https://firebase.googleapis.com/v1beta1/projects 200
[debug] [2023-04-14T09:22:02.017Z] <<< [apiv2][body] GET https://firebase.googleapis.com/v1beta1/projects [omitted]
[info] i  Using project composition-api-20488 (composition-api) 
[info] 
=== Hosting Setup
[info] 
[info] Your public directory is the folder (relative to your project directory) that
[info] will contain Hosting assets to be uploaded with firebase deploy. If you
[info] have a build process for your assets, use your build's output directory.
[info] 
[warn] ⚠  Unable to fetch the CLI MOTD and remote config. 
[debug] [2023-04-14T09:22:37.025Z] Failed to fetch MOTD FirebaseError: Failed to make request to https://firebase-public.firebaseio.com/cli.json
